[2019-08-12 07:49:08] app.ERROR: Class "AdminLinkWidgetController" not found in controllers/admin [] []
[2019-08-12 07:49:34] app.INFO: Exporting mail with theme modern for language English (English) [] []
[2019-08-12 07:49:34] app.INFO: Core output folder: W:\xampp\htdocs\prestashop\at_undu/mails [] []
[2019-08-12 07:49:34] app.INFO: Modules output folder: W:\xampp\htdocs\prestashop\at_undu/modules/ [] []
[2019-08-12 07:51:11] app.ERROR: Data from PrestaShop Addons is invalid, and cannot fallback on cache.  {"exception":"cURL error 28: Operation timed out after 5008 milliseconds with 404096293011456 bytes received"} []
[2019-08-12 07:51:22] app.INFO: Exporting mail with theme modern for language English (English) [] []
[2019-08-12 07:51:22] app.INFO: Core output folder: W:\xampp\htdocs\prestashop\at_undu/mails [] []
[2019-08-12 07:51:22] app.INFO: Modules output folder: W:\xampp\htdocs\prestashop\at_undu/modules/ [] []
[2019-08-12 07:51:34] app.ERROR: Data from PrestaShop Addons is invalid, and cannot fallback on cache.  {"exception":"cURL error 28: Operation timed out after 5007 milliseconds with 873720902057984 bytes received"} []
[2019-08-12 07:52:45] app.ERROR: Data from PrestaShop Addons is invalid, and cannot fallback on cache.  {"exception":"cURL error 28: Operation timed out after 5008 milliseconds with 962141393780736 bytes received"} []
[2019-08-12 01:57:57] request.INFO: Matched route "admin_themes_enable". {"route":"admin_themes_enable","route_parameters":{"_controller":"PrestaShopBundle\\Controller\\Admin\\Improve\\Design\\ThemeController::enableAction","_legacy_controller":"AdminThemes","_legacy_link":"AdminThemes:enableTheme","_legacy_parameters":{"theme_name":"themeName"},"themeName":"at_undu","_route":"admin_themes_enable"},"request_uri":"http://localhost/prestashop/at_undu/admincp/index.php/improve/design/themes/at_undu/enable?_token=sh3SceEzNDn_CqTFQJhb3diequzGPTekST44H8XtZyo","method":"POST"} []
[2019-08-12 01:57:57] security.DEBUG: Read existing security token from the session. {"key":"_security_main","token_class":"Symfony\\Component\\Security\\Core\\Authentication\\Token\\UsernamePasswordToken"} []
[2019-08-12 01:57:57] security.DEBUG: User was reloaded from a user provider. {"provider":"PrestaShopBundle\\Security\\Admin\\EmployeeProvider","username":"demo@demo.com"} []
[2019-08-12 01:58:02] app.ERROR: Data from PrestaShop Addons is invalid, and cannot fallback on cache.  {"exception":"cURL error 28: Operation timed out after 5008 milliseconds with 121006408597504 bytes received"} []
[2019-08-12 01:58:27] security.DEBUG: Stored the security token in the session. {"key":"_security_main"} []
[2019-08-12 02:01:28] request.INFO: Matched route "admin_themes_enable". {"route":"admin_themes_enable","route_parameters":{"_controller":"PrestaShopBundle\\Controller\\Admin\\Improve\\Design\\ThemeController::enableAction","_legacy_controller":"AdminThemes","_legacy_link":"AdminThemes:enableTheme","_legacy_parameters":{"theme_name":"themeName"},"themeName":"at_undu","_route":"admin_themes_enable"},"request_uri":"http://localhost/prestashop/at_undu/admincp/index.php/improve/design/themes/at_undu/enable?_token=sh3SceEzNDn_CqTFQJhb3diequzGPTekST44H8XtZyo","method":"POST"} []
[2019-08-12 02:01:28] security.DEBUG: Read existing security token from the session. {"key":"_security_main","token_class":"Symfony\\Component\\Security\\Core\\Authentication\\Token\\UsernamePasswordToken"} []
[2019-08-12 02:01:28] security.DEBUG: User was reloaded from a user provider. {"provider":"PrestaShopBundle\\Security\\Admin\\EmployeeProvider","username":"demo@demo.com"} []
[2019-08-12 02:01:33] app.ERROR: Data from PrestaShop Addons is invalid, and cannot fallback on cache.  {"exception":"cURL error 28: Operation timed out after 5007 milliseconds with 1006280772681728 bytes received"} []
[2019-08-12 02:01:48] app.ERROR: Class "AdminLeoBootstrapMenuModuleController" not found in controllers/admin [] []
[2019-08-12 02:01:48] app.ERROR: Class "AdminLeoWidgetsController" not found in controllers/admin [] []
[2019-08-12 02:02:03] security.DEBUG: Stored the security token in the session. {"key":"_security_main"} []
[2019-08-12 02:02:38] request.INFO: Matched route "admin_module_manage". {"route":"admin_module_manage","route_parameters":{"category":null,"keyword":null,"_controller":"PrestaShopBundle\\Controller\\Admin\\Improve\\ModuleController::manageAction","_legacy_controller":"AdminModulesManage","_legacy_link":["AdminModulesManage","AdminModulesSf"],"_route":"admin_module_manage"},"request_uri":"http://localhost/prestashop/at_undu/admincp/index.php/improve/modules/manage?_token=sh3SceEzNDn_CqTFQJhb3diequzGPTekST44H8XtZyo","method":"GET"} []
[2019-08-12 02:02:38] security.DEBUG: Read existing security token from the session. {"key":"_security_main","token_class":"Symfony\\Component\\Security\\Core\\Authentication\\Token\\UsernamePasswordToken"} []
[2019-08-12 02:02:38] security.DEBUG: User was reloaded from a user provider. {"provider":"PrestaShopBundle\\Security\\Admin\\EmployeeProvider","username":"demo@demo.com"} []
[2019-08-12 02:02:43] app.ERROR: Data from PrestaShop Addons is invalid, and cannot fallback on cache.  {"exception":"cURL error 28: Operation timed out after 5008 milliseconds with 660999761821696 bytes received"} []
[2019-08-12 02:02:45] security.DEBUG: Stored the security token in the session. {"key":"_security_main"} []
[2019-08-12 02:04:54] request.INFO: Matched route "admin_module_manage". {"route":"admin_module_manage","route_parameters":{"category":null,"keyword":null,"_controller":"PrestaShopBundle\\Controller\\Admin\\Improve\\ModuleController::manageAction","_legacy_controller":"AdminModulesManage","_legacy_link":["AdminModulesManage","AdminModulesSf"],"_route":"admin_module_manage"},"request_uri":"http://localhost/prestashop/at_undu/admincp/index.php/improve/modules/manage?_token=sh3SceEzNDn_CqTFQJhb3diequzGPTekST44H8XtZyo","method":"GET"} []
[2019-08-12 02:04:54] security.DEBUG: Read existing security token from the session. {"key":"_security_main","token_class":"Symfony\\Component\\Security\\Core\\Authentication\\Token\\UsernamePasswordToken"} []
[2019-08-12 02:04:54] security.DEBUG: User was reloaded from a user provider. {"provider":"PrestaShopBundle\\Security\\Admin\\EmployeeProvider","username":"demo@demo.com"} []
[2019-08-12 02:04:59] app.ERROR: Data from PrestaShop Addons is invalid, and cannot fallback on cache.  {"exception":"cURL error 28: Operation timed out after 5008 milliseconds with 865543284326400 bytes received"} []
[2019-08-12 02:05:00] security.DEBUG: Stored the security token in the session. {"key":"_security_main"} []
[2019-08-12 02:05:01] request.INFO: Matched route "admin_module_notification_count". {"route":"admin_module_notification_count","route_parameters":{"_controller":"PrestaShopBundle\\Controller\\Admin\\Improve\\Modules\\AlertsController::notificationsCountAction","_legacy_controller":"AdminModulesNotifications","_legacy_link":"AdminModulesNotifications:count","_route":"admin_module_notification_count"},"request_uri":"http://localhost/prestashop/at_undu/admincp/index.php/improve/modules/alerts/count?_token=sh3SceEzNDn_CqTFQJhb3diequzGPTekST44H8XtZyo","method":"GET"} []
[2019-08-12 02:05:01] security.DEBUG: Read existing security token from the session. {"key":"_security_main","token_class":"Symfony\\Component\\Security\\Core\\Authentication\\Token\\UsernamePasswordToken"} []
[2019-08-12 02:05:01] security.DEBUG: User was reloaded from a user provider. {"provider":"PrestaShopBundle\\Security\\Admin\\EmployeeProvider","username":"demo@demo.com"} []
[2019-08-12 02:05:06] app.ERROR: Data from PrestaShop Addons is invalid, and cannot fallback on cache.  {"exception":"cURL error 28: Operation timed out after 5008 milliseconds with 458109801725952 bytes received"} []
[2019-08-12 02:05:07] security.DEBUG: Stored the security token in the session. {"key":"_security_main"} []
[2019-08-12 02:06:11] request.INFO: Matched route "admin_themes_enable". {"route":"admin_themes_enable","route_parameters":{"_controller":"PrestaShopBundle\\Controller\\Admin\\Improve\\Design\\ThemeController::enableAction","_legacy_controller":"AdminThemes","_legacy_link":"AdminThemes:enableTheme","_legacy_parameters":{"theme_name":"themeName"},"themeName":"at_undu","_route":"admin_themes_enable"},"request_uri":"http://localhost/prestashop/at_undu/admincp/index.php/improve/design/themes/at_undu/enable?_token=sh3SceEzNDn_CqTFQJhb3diequzGPTekST44H8XtZyo","method":"POST"} []
[2019-08-12 02:06:11] security.DEBUG: Read existing security token from the session. {"key":"_security_main","token_class":"Symfony\\Component\\Security\\Core\\Authentication\\Token\\UsernamePasswordToken"} []
[2019-08-12 02:06:11] security.DEBUG: User was reloaded from a user provider. {"provider":"PrestaShopBundle\\Security\\Admin\\EmployeeProvider","username":"demo@demo.com"} []
[2019-08-12 02:06:16] app.ERROR: Data from PrestaShop Addons is invalid, and cannot fallback on cache.  {"exception":"cURL error 28: Operation timed out after 5008 milliseconds with 795174540148736 bytes received"} []
[2019-08-12 02:06:40] security.DEBUG: Stored the security token in the session. {"key":"_security_main"} []
[2019-08-12 02:08:09] request.INFO: Matched route "admin_themes_enable". {"route":"admin_themes_enable","route_parameters":{"_controller":"PrestaShopBundle\\Controller\\Admin\\Improve\\Design\\ThemeController::enableAction","_legacy_controller":"AdminThemes","_legacy_link":"AdminThemes:enableTheme","_legacy_parameters":{"theme_name":"themeName"},"themeName":"at_undu","_route":"admin_themes_enable"},"request_uri":"http://localhost/prestashop/at_undu/admincp/index.php/improve/design/themes/at_undu/enable?_token=sh3SceEzNDn_CqTFQJhb3diequzGPTekST44H8XtZyo","method":"POST"} []
[2019-08-12 02:08:12] security.DEBUG: Read existing security token from the session. {"key":"_security_main","token_class":"Symfony\\Component\\Security\\Core\\Authentication\\Token\\UsernamePasswordToken"} []
[2019-08-12 02:08:12] security.DEBUG: User was reloaded from a user provider. {"provider":"PrestaShopBundle\\Security\\Admin\\EmployeeProvider","username":"demo@demo.com"} []
[2019-08-12 02:08:17] app.ERROR: Data from PrestaShop Addons is invalid, and cannot fallback on cache.  {"exception":"cURL error 28: Operation timed out after 5008 milliseconds with 514081815527424 bytes received"} []
[2019-08-12 02:08:29] app.ERROR: Class "AdminLeoBootstrapMenuModuleController" not found in controllers/admin [] []
[2019-08-12 02:08:29] app.ERROR: Class "AdminLeoWidgetsController" not found in controllers/admin [] []
[2019-08-12 02:08:48] app.ERROR: Class "AdminLeoQuickLoginModuleController" not found in controllers/admin [] []
[2019-08-12 02:08:50] app.ERROR: Class "AdminLeoProductSearchModuleController" not found in controllers/admin [] []
[2019-08-12 02:08:58] security.DEBUG: Stored the security token in the session. {"key":"_security_main"} []
[2019-08-30 01:01:43] request.INFO: Matched route "admin_module_cart". {"route":"admin_module_cart","route_parameters":{"_controller":"PrestaShopBundle\\Controller\\Admin\\Improve\\ModuleController::getModuleCartAction","moduleId":"22315","_route":"admin_module_cart"},"request_uri":"http://localhost/prestashop/at_undu/admincp/index.php/improve/modules/cart/22315?_token=mEi-dRyNET_ehK4TNvRWJWSw3PWNF5zMvt0ob9fXeOQ","method":"GET"} []
[2019-08-30 01:01:43] security.DEBUG: Read existing security token from the session. {"key":"_security_main","token_class":"Symfony\\Component\\Security\\Core\\Authentication\\Token\\UsernamePasswordToken"} []
[2019-08-30 01:01:43] security.DEBUG: User was reloaded from a user provider. {"provider":"PrestaShopBundle\\Security\\Admin\\EmployeeProvider","username":"demo@demo.com"} []
[2019-08-30 01:01:48] request.CRITICAL: Uncaught PHP Exception GuzzleHttp\Exception\ConnectException: "cURL error 28: Connection timed out after 5008 milliseconds" at W:\xampp\htdocs\prestashop\at_undu\vendor\guzzlehttp\guzzle\src\Exception\RequestException.php line 49 {"exception":"[object] (GuzzleHttp\\Exception\\ConnectException(code: 0): cURL error 28: Connection timed out after 5008 milliseconds at W:\\xampp\\htdocs\\prestashop\\at_undu\\vendor\\guzzlehttp\\guzzle\\src\\Exception\\RequestException.php:49, GuzzleHttp\\Ring\\Exception\\ConnectException(code: 0): cURL error 28: Connection timed out after 5008 milliseconds at W:\\xampp\\htdocs\\prestashop\\at_undu\\vendor\\guzzlehttp\\ringphp\\src\\Client\\CurlFactory.php:126)"} []
[2019-08-30 01:01:49] security.DEBUG: Stored the security token in the session. {"key":"_security_main"} []
[2019-08-30 01:03:10] request.INFO: Matched route "admin_module_cart". {"route":"admin_module_cart","route_parameters":{"_controller":"PrestaShopBundle\\Controller\\Admin\\Improve\\ModuleController::getModuleCartAction","moduleId":"22315","_route":"admin_module_cart"},"request_uri":"http://localhost/prestashop/at_undu/admincp/index.php/improve/modules/cart/22315?_token=mEi-dRyNET_ehK4TNvRWJWSw3PWNF5zMvt0ob9fXeOQ","method":"GET"} []
[2019-08-30 01:03:10] security.DEBUG: Read existing security token from the session. {"key":"_security_main","token_class":"Symfony\\Component\\Security\\Core\\Authentication\\Token\\UsernamePasswordToken"} []
[2019-08-30 01:03:10] security.DEBUG: User was reloaded from a user provider. {"provider":"PrestaShopBundle\\Security\\Admin\\EmployeeProvider","username":"demo@demo.com"} []
[2019-08-30 01:03:15] request.CRITICAL: Uncaught PHP Exception GuzzleHttp\Exception\ConnectException: "cURL error 28: Operation timed out after 5007 milliseconds with 0 bytes received" at W:\xampp\htdocs\prestashop\at_undu\vendor\guzzlehttp\guzzle\src\Exception\RequestException.php line 49 {"exception":"[object] (GuzzleHttp\\Exception\\ConnectException(code: 0): cURL error 28: Operation timed out after 5007 milliseconds with 0 bytes received at W:\\xampp\\htdocs\\prestashop\\at_undu\\vendor\\guzzlehttp\\guzzle\\src\\Exception\\RequestException.php:49, GuzzleHttp\\Ring\\Exception\\ConnectException(code: 0): cURL error 28: Operation timed out after 5007 milliseconds with 0 bytes received at W:\\xampp\\htdocs\\prestashop\\at_undu\\vendor\\guzzlehttp\\ringphp\\src\\Client\\CurlFactory.php:126)"} []
[2019-08-30 01:03:15] security.DEBUG: Stored the security token in the session. {"key":"_security_main"} []
[2019-08-30 01:27:20] request.INFO: Matched route "admin_module_manage". {"route":"admin_module_manage","route_parameters":{"category":null,"keyword":null,"_controller":"PrestaShopBundle\\Controller\\Admin\\Improve\\ModuleController::manageAction","_legacy_controller":"AdminModulesManage","_legacy_link":["AdminModulesManage","AdminModulesSf"],"_route":"admin_module_manage"},"request_uri":"http://localhost/prestashop/at_undu/admincp/index.php/improve/modules/manage?_token=mEi-dRyNET_ehK4TNvRWJWSw3PWNF5zMvt0ob9fXeOQ","method":"GET"} []
[2019-08-30 01:27:20] security.DEBUG: Read existing security token from the session. {"key":"_security_main","token_class":"Symfony\\Component\\Security\\Core\\Authentication\\Token\\UsernamePasswordToken"} []
[2019-08-30 01:27:20] security.DEBUG: User was reloaded from a user provider. {"provider":"PrestaShopBundle\\Security\\Admin\\EmployeeProvider","username":"demo@demo.com"} []
[2019-08-30 01:27:25] app.ERROR: Data from PrestaShop Addons is invalid, and cannot fallback on cache.  {"exception":"cURL error 28: Operation timed out after 5008 milliseconds with 129184026329088 bytes received"} []
[2019-08-30 01:27:28] security.DEBUG: Stored the security token in the session. {"key":"_security_main"} []
